# JRE version: Java(TM) SE Runtime Environment (8.0_65-b17) (build 1.8.0_65-b17)
# Java VM: Java HotSpot(TM) 64-Bit Server VM (25.65-b01 mixed mode windows-amd64 compressed oops)
Heap:
 PSYoungGen      total 229888K, used 173118K [0x00000000eab00000, 0x00000000fd180000, 0x0000000100000000)
  eden space 206336K, 72% used [0x00000000eab00000,0x00000000f3dd13b8,0x00000000f7480000)
  from space 23552K, 96% used [0x00000000f7480000,0x00000000f8abe450,0x00000000f8b80000)
  to   space 26624K, 0% used [0x00000000fb780000,0x00000000fb780000,0x00000000fd180000)
 ParOldGen       total 99328K, used 28735K [0x00000000c0000000, 0x00000000c6100000, 0x00000000eab00000)
  object space 99328K, 28% used [0x00000000c0000000,0x00000000c1c0fe60,0x00000000c6100000)
 Metaspace       used 57418K, capacity 58598K, committed 58752K, reserved 1099776K
  class space    used 7645K, capacity 7991K, committed 8064K, reserved 1048576K
GC Heap History (10 events):
Event: 6.625 GC heap before
{Heap before GC invocations=7 (full 1):
 PSYoungGen      total 136192K, used 67561K [0x00000000eab00000, 0x00000000f5900000, 0x0000000100000000)
  eden space 131072K, 47% used [0x00000000eab00000,0x00000000ee7fd680,0x00000000f2b00000)
  from space 5120K, 99% used [0x00000000f2b00000,0x00000000f2ffd020,0x00000000f3000000)
  to   space 13824K, 0% used [0x00000000f4b80000,0x00000000f4b80000,0x00000000f5900000)
 ParOldGen       total 66560K, used 20181K [0x00000000c0000000, 0x00000000c4100000, 0x00000000eab00000)
  object space 66560K, 30% used [0x00000000c0000000,0x00000000c13b5790,0x00000000c4100000)
 Metaspace       used 34826K, capacity 35444K, committed 35496K, reserved 1079296K
  class space    used 4639K, capacity 4843K, committed 4864K, reserved 1048576K
Event: 6.659 GC heap after
Heap after GC invocations=7 (full 1):
 PSYoungGen      total 164352K, used 9897K [0x00000000eab00000, 0x00000000f8b00000, 0x0000000100000000)
  eden space 150528K, 0% used [0x00000000eab00000,0x00000000eab00000,0x00000000f3e00000)
  from space 13824K, 71% used [0x00000000f4b80000,0x00000000f552a468,0x00000000f5900000)
  to   space 13824K, 0% used [0x00000000f3e00000,0x00000000f3e00000,0x00000000f4b80000)
 ParOldGen       total 66560K, used 20181K [0x00000000c0000000, 0x00000000c4100000, 0x00000000eab00000)
  object space 66560K, 30% used [0x00000000c0000000,0x00000000c13b5790,0x00000000c4100000)
 Metaspace       used 34826K, capacity 35444K, committed 35496K, reserved 1079296K
  class space    used 4639K, capacity 4843K, committed 4864K, reserved 1048576K
}
Event: 6.659 GC heap before
{Heap before GC invocations=8 (full 2):
 PSYoungGen      total 164352K, used 9897K [0x00000000eab00000, 0x00000000f8b00000, 0x0000000100000000)
  eden space 150528K, 0% used [0x00000000eab00000,0x00000000eab00000,0x00000000f3e00000)
  from space 13824K, 71% used [0x00000000f4b80000,0x00000000f552a468,0x00000000f5900000)
  to   space 13824K, 0% used [0x00000000f3e00000,0x00000000f3e00000,0x00000000f4b80000)
 ParOldGen       total 66560K, used 20181K [0x00000000c0000000, 0x00000000c4100000, 0x00000000eab00000)
  object space 66560K, 30% used [0x00000000c0000000,0x00000000c13b5790,0x00000000c4100000)
 Metaspace       used 34826K, capacity 35444K, committed 35496K, reserved 1079296K
  class space    used 4639K, capacity 4843K, committed 4864K, reserved 1048576K
Event: 6.845 GC heap after
Heap after GC invocations=8 (full 2):
 PSYoungGen      total 164352K, used 0K [0x00000000eab00000, 0x00000000f8b00000, 0x0000000100000000)
  eden space 150528K, 0% used [0x00000000eab00000,0x00000000eab00000,0x00000000f3e00000)
  from space 13824K, 0% used [0x00000000f4b80000,0x00000000f4b80000,0x00000000f5900000)
  to   space 13824K, 0% used [0x00000000f3e00000,0x00000000f3e00000,0x00000000f4b80000)
 ParOldGen       total 99328K, used 17502K [0x00000000c0000000, 0x00000000c6100000, 0x00000000eab00000)
  object space 99328K, 17% used [0x00000000c0000000,0x00000000c11179d8,0x00000000c6100000)
 Metaspace       used 34800K, capacity 35356K, committed 35496K, reserved 1079296K
  class space    used 4631K, capacity 4835K, committed 4864K, reserved 1048576K
}
Event: 8.592 GC heap before
{Heap before GC invocations=9 (full 2):
 PSYoungGen      total 164352K, used 150528K [0x00000000eab00000, 0x00000000f8b00000, 0x0000000100000000)
  eden space 150528K, 100% used [0x00000000eab00000,0x00000000f3e00000,0x00000000f3e00000)
  from space 13824K, 0% used [0x00000000f4b80000,0x00000000f4b80000,0x00000000f5900000)
  to   space 13824K, 0% used [0x00000000f3e00000,0x00000000f3e00000,0x00000000f4b80000)
 ParOldGen       total 99328K, used 17502K [0x00000000c0000000, 0x00000000c6100000, 0x00000000eab00000)
  object space 99328K, 17% used [0x00000000c0000000,0x00000000c11179d8,0x00000000c6100000)
 Metaspace       used 42319K, capacity 42980K, committed 43264K, reserved 1087488K
  class space    used 5691K, capacity 5847K, committed 5888K, reserved 1048576K
Event: 8.621 GC heap after
Heap after GC invocations=9 (full 2):
 PSYoungGen      total 164352K, used 13815K [0x00000000eab00000, 0x00000000f9c80000, 0x0000000100000000)
  eden space 150528K, 0% used [0x00000000eab00000,0x00000000eab00000,0x00000000f3e00000)
  from space 13824K, 99% used [0x00000000f3e00000,0x00000000f4b7df68,0x00000000f4b80000)
  to   space 16896K, 0% used [0x00000000f8c00000,0x00000000f8c00000,0x00000000f9c80000)
 ParOldGen       total 99328K, used 19006K [0x00000000c0000000, 0x00000000c6100000, 0x00000000eab00000)
  object space 99328K, 19% used [0x00000000c0000000,0x00000000c128f978,0x00000000c6100000)
 Metaspace       used 42319K, capacity 42980K, committed 43264K, reserved 1087488K
  class space    used 5691K, capacity 5847K, committed 5888K, reserved 1048576K
}
Event: 12.434 GC heap before
{Heap before GC invocations=10 (full 2):
 PSYoungGen      total 164352K, used 164343K [0x00000000eab00000, 0x00000000f9c80000, 0x0000000100000000)
  eden space 150528K, 100% used [0x00000000eab00000,0x00000000f3e00000,0x00000000f3e00000)
  from space 13824K, 99% used [0x00000000f3e00000,0x00000000f4b7df68,0x00000000f4b80000)
  to   space 16896K, 0% used [0x00000000f8c00000,0x00000000f8c00000,0x00000000f9c80000)
 ParOldGen       total 99328K, used 19006K [0x00000000c0000000, 0x00000000c6100000, 0x00000000eab00000)
  object space 99328K, 19% used [0x00000000c0000000,0x00000000c128f978,0x00000000c6100000)
 Metaspace       used 48941K, capacity 49978K, committed 50048K, reserved 1091584K
  class space    used 6655K, capacity 7000K, committed 7040K, reserved 1048576K
Event: 12.460 GC heap after
Heap after GC invocations=10 (full 2):
 PSYoungGen      total 223232K, used 16895K [0x00000000eab00000, 0x00000000fa280000, 0x0000000100000000)
  eden space 206336K, 0% used [0x00000000eab00000,0x00000000eab00000,0x00000000f7480000)
  from space 16896K, 99% used [0x00000000f8c00000,0x00000000f9c7fc78,0x00000000f9c80000)
  to   space 23552K, 0% used [0x00000000f7480000,0x00000000f7480000,0x00000000f8b80000)
 ParOldGen       total 99328K, used 28727K [0x00000000c0000000, 0x00000000c6100000, 0x00000000eab00000)
  object space 99328K, 28% used [0x00000000c0000000,0x00000000c1c0de60,0x00000000c6100000)
 Metaspace       used 48941K, capacity 49978K, committed 50048K, reserved 1091584K
  class space    used 6655K, capacity 7000K, committed 7040K, reserved 1048576K
}
Event: 14.842 GC heap before
{Heap before GC invocations=11 (full 2):
 PSYoungGen      total 223232K, used 223231K [0x00000000eab00000, 0x00000000fa280000, 0x0000000100000000)
  eden space 206336K, 100% used [0x00000000eab00000,0x00000000f7480000,0x00000000f7480000)
  from space 16896K, 99% used [0x00000000f8c00000,0x00000000f9c7fc78,0x00000000f9c80000)
  to   space 23552K, 0% used [0x00000000f7480000,0x00000000f7480000,0x00000000f8b80000)
 ParOldGen       total 99328K, used 28727K [0x00000000c0000000, 0x00000000c6100000, 0x00000000eab00000)
  object space 99328K, 28% used [0x00000000c0000000,0x00000000c1c0de60,0x00000000c6100000)
 Metaspace       used 50824K, capacity 51924K, committed 52096K, reserved 1093632K
  class space    used 6882K, capacity 7207K, committed 7296K, reserved 1048576K
Event: 14.866 GC heap after
Heap after GC invocations=11 (full 2):
 PSYoungGen      total 229888K, used 22777K [0x00000000eab00000, 0x00000000fd180000, 0x0000000100000000)
  eden space 206336K, 0% used [0x00000000eab00000,0x00000000eab00000,0x00000000f7480000)
  from space 23552K, 96% used [0x00000000f7480000,0x00000000f8abe450,0x00000000f8b80000)
  to   space 26624K, 0% used [0x00000000fb780000,0x00000000fb780000,0x00000000fd180000)
 ParOldGen       total 99328K, used 28735K [0x00000000c0000000, 0x00000000c6100000, 0x00000000eab00000)
  object space 99328K, 28% used [0x00000000c0000000,0x00000000c1c0fe60,0x00000000c6100000)
 Metaspace       used 50824K, capacity 51924K, committed 52096K, reserved 1093632K
  class space    used 6882K, capacity 7207K, committed 7296K, reserved 1048576K
}

